0 info it worked if it ends with ok
1 verbose cli [ '/usr/bin/nodejs',
1 verbose cli   '/usr/bin/npm',
1 verbose cli   'install',
1 verbose cli   'gentelella',
1 verbose cli   '--save' ]
2 info using npm@3.10.3
3 info using node@v6.5.0
4 silly loadCurrentTree Starting
5 silly install loadCurrentTree
6 silly install readLocalPackageData
7 silly fetchPackageMetaData gentelella
8 silly fetchNamedPackageData gentelella
9 silly mapToRegistry name gentelella
10 silly mapToRegistry using default registry
11 silly mapToRegistry registry https://registry.npmjs.org/
12 silly mapToRegistry data Result {
12 silly mapToRegistry   raw: 'gentelella',
12 silly mapToRegistry   scope: null,
12 silly mapToRegistry   escapedName: 'gentelella',
12 silly mapToRegistry   name: 'gentelella',
12 silly mapToRegistry   rawSpec: '',
12 silly mapToRegistry   spec: 'latest',
12 silly mapToRegistry   type: 'tag' }
13 silly mapToRegistry uri https://registry.npmjs.org/gentelella
14 verbose request uri https://registry.npmjs.org/gentelella
15 verbose request no auth needed
16 info attempt registry request try #1 at 5:51:14 PM
17 verbose request id 0b3151dcf66e11c3
18 http request GET https://registry.npmjs.org/gentelella
19 http 200 https://registry.npmjs.org/gentelella
20 verbose headers { server: 'CouchDB/1.5.0 (Erlang OTP/R16B03)',
20 verbose headers   etag: '"BGY2GBYTDNFYLXD3N9PEDUY9"',
20 verbose headers   'content-type': 'application/json',
20 verbose headers   'content-encoding': 'gzip',
20 verbose headers   'cache-control': 'max-age=300',
20 verbose headers   'content-length': '3415',
20 verbose headers   'accept-ranges': 'bytes',
20 verbose headers   date: 'Mon, 26 Sep 2016 15:51:15 GMT',
20 verbose headers   via: '1.1 varnish',
20 verbose headers   age: '0',
20 verbose headers   connection: 'keep-alive',
20 verbose headers   'x-served-by': 'cache-lcy1123-LCY',
20 verbose headers   'x-cache': 'MISS',
20 verbose headers   'x-cache-hits': '0',
20 verbose headers   'x-timer': 'S1474905074.761078,VS0,VE622',
20 verbose headers   vary: 'Accept-Encoding' }
21 silly get cb [ 200,
21 silly get   { server: 'CouchDB/1.5.0 (Erlang OTP/R16B03)',
21 silly get     etag: '"BGY2GBYTDNFYLXD3N9PEDUY9"',
21 silly get     'content-type': 'application/json',
21 silly get     'content-encoding': 'gzip',
21 silly get     'cache-control': 'max-age=300',
21 silly get     'content-length': '3415',
21 silly get     'accept-ranges': 'bytes',
21 silly get     date: 'Mon, 26 Sep 2016 15:51:15 GMT',
21 silly get     via: '1.1 varnish',
21 silly get     age: '0',
21 silly get     connection: 'keep-alive',
21 silly get     'x-served-by': 'cache-lcy1123-LCY',
21 silly get     'x-cache': 'MISS',
21 silly get     'x-cache-hits': '0',
21 silly get     'x-timer': 'S1474905074.761078,VS0,VE622',
21 silly get     vary: 'Accept-Encoding' } ]
22 verbose get saving gentelella to /home/nau/.npm/registry.npmjs.org/gentelella/.cache.json
23 verbose correctMkdir /home/nau/.npm correctMkdir not in flight; initializing
24 silly install normalizeTree
25 silly loadCurrentTree Finishing
26 silly loadIdealTree Starting
27 silly install loadIdealTree
28 silly cloneCurrentTree Starting
29 silly install cloneCurrentTreeToIdealTree
30 silly cloneCurrentTree Finishing
31 silly loadShrinkwrap Starting
32 silly install loadShrinkwrap
33 silly loadShrinkwrap Finishing
34 silly loadAllDepsIntoIdealTree Starting
35 silly install loadAllDepsIntoIdealTree
36 silly resolveWithNewModule gentelella@1.3.0 checking installable status
37 silly cache add args [ 'gentelella', null ]
38 verbose cache add spec gentelella
39 silly cache add parsed spec Result {
39 silly cache add   raw: 'gentelella',
39 silly cache add   scope: null,
39 silly cache add   escapedName: 'gentelella',
39 silly cache add   name: 'gentelella',
39 silly cache add   rawSpec: '',
39 silly cache add   spec: 'latest',
39 silly cache add   type: 'tag' }
40 silly addNamed gentelella@latest
41 verbose addNamed "latest" is being treated as a dist-tag for gentelella
42 info addNameTag [ 'gentelella', 'latest' ]
43 silly mapToRegistry name gentelella
44 silly mapToRegistry using default registry
45 silly mapToRegistry registry https://registry.npmjs.org/
46 silly mapToRegistry data Result {
46 silly mapToRegistry   raw: 'gentelella',
46 silly mapToRegistry   scope: null,
46 silly mapToRegistry   escapedName: 'gentelella',
46 silly mapToRegistry   name: 'gentelella',
46 silly mapToRegistry   rawSpec: '',
46 silly mapToRegistry   spec: 'latest',
46 silly mapToRegistry   type: 'tag' }
47 silly mapToRegistry uri https://registry.npmjs.org/gentelella
48 verbose addNameTag registry:https://registry.npmjs.org/gentelella not in flight; fetching
49 verbose get https://registry.npmjs.org/gentelella not expired, no request
50 silly addNameTag next cb for gentelella with tag latest
51 silly addNamed gentelella@1.3.0
52 verbose addNamed "1.3.0" is a plain semver version for gentelella
53 silly mapToRegistry name gentelella
54 silly mapToRegistry using default registry
55 silly mapToRegistry registry https://registry.npmjs.org/
56 silly mapToRegistry data Result {
56 silly mapToRegistry   raw: 'gentelella',
56 silly mapToRegistry   scope: null,
56 silly mapToRegistry   escapedName: 'gentelella',
56 silly mapToRegistry   name: 'gentelella',
56 silly mapToRegistry   rawSpec: '',
56 silly mapToRegistry   spec: 'latest',
56 silly mapToRegistry   type: 'tag' }
57 silly mapToRegistry uri https://registry.npmjs.org/gentelella
58 verbose addRemoteTarball https://registry.npmjs.org/gentelella/-/gentelella-1.3.0.tgz not in flight; adding
59 verbose addRemoteTarball [ 'https://registry.npmjs.org/gentelella/-/gentelella-1.3.0.tgz',
59 verbose addRemoteTarball   '53c4bb0671abd3a4bbb97cfd8261003b6da7c5e3' ]
60 info retry fetch attempt 1 at 5:51:15 PM
61 info attempt registry request try #1 at 5:51:15 PM
62 http fetch GET https://registry.npmjs.org/gentelella/-/gentelella-1.3.0.tgz
63 http fetch 200 https://registry.npmjs.org/gentelella/-/gentelella-1.3.0.tgz
64 silly fetchAndShaCheck shasum 53c4bb0671abd3a4bbb97cfd8261003b6da7c5e3
65 verbose addTmpTarball /tmp/npm-2654-2c3e317a/registry.npmjs.org/gentelella/-/gentelella-1.3.0.tgz not in flight; adding
66 verbose addTmpTarball already have metadata; skipping unpack for gentelella@1.3.0
67 verbose correctMkdir /home/nau/.npm correctMkdir not in flight; initializing
68 silly cache afterAdd gentelella@1.3.0
69 verbose afterAdd /home/nau/.npm/gentelella/1.3.0/package/package.json not in flight; writing
70 verbose correctMkdir /home/nau/.npm correctMkdir not in flight; initializing
71 verbose afterAdd /home/nau/.npm/gentelella/1.3.0/package/package.json written
72 silly loadAllDepsIntoIdealTree Finishing
73 silly loadIdealTree Finishing
74 silly currentTree dashboardServer@0.0.1
74 silly currentTree ├── accepts@1.3.3
74 silly currentTree ├── array-flatten@1.1.1
74 silly currentTree ├── async@1.5.2
74 silly currentTree ├── base64-url@1.3.2
74 silly currentTree ├── base64url@1.0.6
74 silly currentTree ├── basic-auth@1.0.4
74 silly currentTree ├── bluebird@2.10.2
74 silly currentTree ├── body-parser@1.15.2
74 silly currentTree ├── bson@0.5.5
74 silly currentTree ├── buffer-equal-constant-time@1.0.1
74 silly currentTree ├── buffer-shims@1.0.0
74 silly currentTree ├── bytes@2.4.0
74 silly currentTree ├── camelcase-keys@1.0.0
74 silly currentTree ├── camelcase@1.2.1
74 silly currentTree ├── concat-stream@1.4.10
74 silly currentTree ├── content-disposition@0.5.1
74 silly currentTree ├── content-type@1.0.2
74 silly currentTree ├── cookie-signature@1.0.6
74 silly currentTree ├── cookie@0.3.1
74 silly currentTree ├── core-util-is@1.0.2
74 silly currentTree ├── debug@2.2.0
74 silly currentTree ├── depd@1.1.0
74 silly currentTree ├── destroy@1.0.4
74 silly currentTree ├── ecdsa-sig-formatter@1.0.7
74 silly currentTree ├── ee-first@1.1.1
74 silly currentTree ├── encodeurl@1.0.1
74 silly currentTree ├── es6-promise@3.2.1
74 silly currentTree ├── escape-html@1.0.3
74 silly currentTree ├── etag@1.7.0
74 silly currentTree ├── express@4.14.0
74 silly currentTree ├── finalhandler@0.5.0
74 silly currentTree ├── forwarded@0.1.0
74 silly currentTree ├── fresh@0.3.0
74 silly currentTree ├── get-stdin@4.0.1
74 silly currentTree ├── hoek@2.16.3
74 silly currentTree ├── hooks-fixed@1.2.0
74 silly currentTree ├── http-errors@1.5.0
74 silly currentTree ├── iconv-lite@0.4.13
74 silly currentTree ├── indent-string@1.2.2
74 silly currentTree ├── inherits@2.0.1
74 silly currentTree ├── ipaddr.js@1.1.1
74 silly currentTree ├── is-finite@1.0.1
74 silly currentTree ├── isarray@0.0.1
74 silly currentTree ├── isemail@1.2.0
74 silly currentTree ├── joi@6.10.1
74 silly currentTree ├── jsonwebtoken@7.1.9
74 silly currentTree ├── jwa@1.1.3
74 silly currentTree ├── jws@3.1.3
74 silly currentTree ├── kareem@1.1.3
74 silly currentTree ├── lodash.once@4.1.1
74 silly currentTree ├── map-obj@1.0.1
74 silly currentTree ├── media-typer@0.3.0
74 silly currentTree ├── meow@2.0.0
74 silly currentTree ├── merge-descriptors@1.0.1
74 silly currentTree ├── method-override@2.3.6
74 silly currentTree ├── methods@1.1.2
74 silly currentTree ├── mime-db@1.24.0
74 silly currentTree ├── mime-types@2.1.12
74 silly currentTree ├── mime@1.3.4
74 silly currentTree ├── minimist@1.2.0
74 silly currentTree ├── moment@2.15.1
74 silly currentTree ├── mongodb-core@2.0.12
74 silly currentTree ├─┬ mongodb@2.2.10
74 silly currentTree │ ├── isarray@1.0.0
74 silly currentTree │ └── readable-stream@2.1.5
74 silly currentTree ├── mongoose@4.6.1
74 silly currentTree ├── morgan@1.7.0
74 silly currentTree ├── mpath@0.2.1
74 silly currentTree ├── mpromise@0.5.5
74 silly currentTree ├─┬ mquery@1.11.0
74 silly currentTree │ └── sliced@0.0.5
74 silly currentTree ├── ms@0.7.1
74 silly currentTree ├── muri@1.1.0
74 silly currentTree ├── negotiator@0.6.1
74 silly currentTree ├── number-is-nan@1.0.0
74 silly currentTree ├── object-assign@1.0.0
74 silly currentTree ├── on-finished@2.3.0
74 silly currentTree ├── on-headers@1.0.1
74 silly currentTree ├── parseurl@1.3.1
74 silly currentTree ├── path-to-regexp@0.1.7
74 silly currentTree ├── process-nextick-args@1.0.7
74 silly currentTree ├── proxy-addr@1.1.2
74 silly currentTree ├── qs@6.2.0
74 silly currentTree ├── range-parser@1.2.0
74 silly currentTree ├── raw-body@2.1.7
74 silly currentTree ├── readable-stream@1.1.14
74 silly currentTree ├── regexp-clone@0.0.1
74 silly currentTree ├── repeating@1.1.3
74 silly currentTree ├── require_optional@1.0.0
74 silly currentTree ├── resolve-from@2.0.0
74 silly currentTree ├── semver@5.3.0
74 silly currentTree ├── send@0.14.1
74 silly currentTree ├── serve-static@1.11.1
74 silly currentTree ├── setprototypeof@1.0.1
74 silly currentTree ├── sliced@1.0.1
74 silly currentTree ├── statuses@1.3.0
74 silly currentTree ├── string_decoder@0.10.31
74 silly currentTree ├── topo@1.1.0
74 silly currentTree ├── type-is@1.6.13
74 silly currentTree ├── typedarray@0.0.6
74 silly currentTree ├── unpipe@1.0.0
74 silly currentTree ├── util-deprecate@1.0.2
74 silly currentTree ├── utils-merge@1.0.0
74 silly currentTree ├── vary@1.1.0
74 silly currentTree └── xtend@4.0.1
75 silly idealTree dashboardServer@0.0.1
75 silly idealTree ├── accepts@1.3.3
75 silly idealTree ├── array-flatten@1.1.1
75 silly idealTree ├── async@1.5.2
75 silly idealTree ├── base64-url@1.3.2
75 silly idealTree ├── base64url@1.0.6
75 silly idealTree ├── basic-auth@1.0.4
75 silly idealTree ├── bluebird@2.10.2
75 silly idealTree ├── body-parser@1.15.2
75 silly idealTree ├── bson@0.5.5
75 silly idealTree ├── buffer-equal-constant-time@1.0.1
75 silly idealTree ├── buffer-shims@1.0.0
75 silly idealTree ├── bytes@2.4.0
75 silly idealTree ├── camelcase-keys@1.0.0
75 silly idealTree ├── camelcase@1.2.1
75 silly idealTree ├── concat-stream@1.4.10
75 silly idealTree ├── content-disposition@0.5.1
75 silly idealTree ├── content-type@1.0.2
75 silly idealTree ├── cookie-signature@1.0.6
75 silly idealTree ├── cookie@0.3.1
75 silly idealTree ├── core-util-is@1.0.2
75 silly idealTree ├── debug@2.2.0
75 silly idealTree ├── depd@1.1.0
75 silly idealTree ├── destroy@1.0.4
75 silly idealTree ├── ecdsa-sig-formatter@1.0.7
75 silly idealTree ├── ee-first@1.1.1
75 silly idealTree ├── encodeurl@1.0.1
75 silly idealTree ├── es6-promise@3.2.1
75 silly idealTree ├── escape-html@1.0.3
75 silly idealTree ├── etag@1.7.0
75 silly idealTree ├── express@4.14.0
75 silly idealTree ├── finalhandler@0.5.0
75 silly idealTree ├── forwarded@0.1.0
75 silly idealTree ├── fresh@0.3.0
75 silly idealTree ├── gentelella@1.3.0
75 silly idealTree ├── get-stdin@4.0.1
75 silly idealTree ├── hoek@2.16.3
75 silly idealTree ├── hooks-fixed@1.2.0
75 silly idealTree ├── http-errors@1.5.0
75 silly idealTree ├── iconv-lite@0.4.13
75 silly idealTree ├── indent-string@1.2.2
75 silly idealTree ├── inherits@2.0.1
75 silly idealTree ├── ipaddr.js@1.1.1
75 silly idealTree ├── is-finite@1.0.1
75 silly idealTree ├── isarray@0.0.1
75 silly idealTree ├── isemail@1.2.0
75 silly idealTree ├── joi@6.10.1
75 silly idealTree ├── jsonwebtoken@7.1.9
75 silly idealTree ├── jwa@1.1.3
75 silly idealTree ├── jws@3.1.3
75 silly idealTree ├── kareem@1.1.3
75 silly idealTree ├── lodash.once@4.1.1
75 silly idealTree ├── map-obj@1.0.1
75 silly idealTree ├── media-typer@0.3.0
75 silly idealTree ├── meow@2.0.0
75 silly idealTree ├── merge-descriptors@1.0.1
75 silly idealTree ├── method-override@2.3.6
75 silly idealTree ├── methods@1.1.2
75 silly idealTree ├── mime-db@1.24.0
75 silly idealTree ├── mime-types@2.1.12
75 silly idealTree ├── mime@1.3.4
75 silly idealTree ├── minimist@1.2.0
75 silly idealTree ├── moment@2.15.1
75 silly idealTree ├── mongodb-core@2.0.12
75 silly idealTree ├─┬ mongodb@2.2.10
75 silly idealTree │ ├── isarray@1.0.0
75 silly idealTree │ └── readable-stream@2.1.5
75 silly idealTree ├── mongoose@4.6.1
75 silly idealTree ├── morgan@1.7.0
75 silly idealTree ├── mpath@0.2.1
75 silly idealTree ├── mpromise@0.5.5
75 silly idealTree ├─┬ mquery@1.11.0
75 silly idealTree │ └── sliced@0.0.5
75 silly idealTree ├── ms@0.7.1
75 silly idealTree ├── muri@1.1.0
75 silly idealTree ├── negotiator@0.6.1
75 silly idealTree ├── number-is-nan@1.0.0
75 silly idealTree ├── object-assign@1.0.0
75 silly idealTree ├── on-finished@2.3.0
75 silly idealTree ├── on-headers@1.0.1
75 silly idealTree ├── parseurl@1.3.1
75 silly idealTree ├── path-to-regexp@0.1.7
75 silly idealTree ├── process-nextick-args@1.0.7
75 silly idealTree ├── proxy-addr@1.1.2
75 silly idealTree ├── qs@6.2.0
75 silly idealTree ├── range-parser@1.2.0
75 silly idealTree ├── raw-body@2.1.7
75 silly idealTree ├── readable-stream@1.1.14
75 silly idealTree ├── regexp-clone@0.0.1
75 silly idealTree ├── repeating@1.1.3
75 silly idealTree ├── require_optional@1.0.0
75 silly idealTree ├── resolve-from@2.0.0
75 silly idealTree ├── semver@5.3.0
75 silly idealTree ├── send@0.14.1
75 silly idealTree ├── serve-static@1.11.1
75 silly idealTree ├── setprototypeof@1.0.1
75 silly idealTree ├── sliced@1.0.1
75 silly idealTree ├── statuses@1.3.0
75 silly idealTree ├── string_decoder@0.10.31
75 silly idealTree ├── topo@1.1.0
75 silly idealTree ├── type-is@1.6.13
75 silly idealTree ├── typedarray@0.0.6
75 silly idealTree ├── unpipe@1.0.0
75 silly idealTree ├── util-deprecate@1.0.2
75 silly idealTree ├── utils-merge@1.0.0
75 silly idealTree ├── vary@1.1.0
75 silly idealTree └── xtend@4.0.1
76 silly generateActionsToTake Starting
77 silly install generateActionsToTake
78 warn checkPermissions Missing write access to /home/nau/MEGA/CODI/githubRepos/dashboard/node_modules
79 silly rollbackFailedOptional Starting
80 silly rollbackFailedOptional Finishing
81 silly runTopLevelLifecycles Starting
82 silly runTopLevelLifecycles Finishing
83 silly install printInstalled
84 warn dashboardServer@0.0.1 No repository field.
85 warn dashboardServer@0.0.1 No license field.
86 verbose stack Error: EACCES: permission denied, access '/home/nau/MEGA/CODI/githubRepos/dashboard/node_modules'
86 verbose stack     at Error (native)
87 verbose cwd /home/nau/MEGA/CODI/githubRepos/dashboard
88 error Linux 4.4.0-38-generic
89 error argv "/usr/bin/nodejs" "/usr/bin/npm" "install" "gentelella" "--save"
90 error node v6.5.0
91 error npm  v3.10.3
92 error path /home/nau/MEGA/CODI/githubRepos/dashboard/node_modules
93 error code EACCES
94 error errno -13
95 error syscall access
96 error Error: EACCES: permission denied, access '/home/nau/MEGA/CODI/githubRepos/dashboard/node_modules'
96 error     at Error (native)
96 error  { Error: EACCES: permission denied, access '/home/nau/MEGA/CODI/githubRepos/dashboard/node_modules'
96 error     at Error (native)
96 error   errno: -13,
96 error   code: 'EACCES',
96 error   syscall: 'access',
96 error   path: '/home/nau/MEGA/CODI/githubRepos/dashboard/node_modules' }
97 error Please try running this command again as root/Administrator.
98 verbose exit [ -13, true ]
